
----------------------------------
Using stored unhandled routes!.
   To discover new routes in the angular app use "npm run scully -- --scanRoutes"
----------------------------------

      ----------------
      Error, missing "<scully-content>" in route "/blog/first-post"
      without <scully-content> we can not render this route.
      Make sure it is in there, and not inside any conditionals (*ngIf)
      You can check this by opening "http://localhost:4200/blog/first-post"
      when you serve your app with ng serve and then in the browsers console run:
      document.querySelector('scully-content')
      ----------------
      

      ----------------
      Error, missing "<scully-content>" in route "/blog/___UNPUBLISHED___knn8lub5_JGptZ8dUCobWCAklEJ0ZaoECElCDfs1l"
      without <scully-content> we can not render this route.
      Make sure it is in there, and not inside any conditionals (*ngIf)
      You can check this by opening "http://localhost:4200/blog/___UNPUBLISHED___knn8lub5_JGptZ8dUCobWCAklEJ0ZaoECElCDfs1l"
      when you serve your app with ng serve and then in the browsers console run:
      document.querySelector('scully-content')
      ----------------
      
      ----------------
      Error, missing "<scully-content>" in route "/blog/test-post"
      without <scully-content> we can not render this route.
      Make sure it is in there, and not inside any conditionals (*ngIf)
      You can check this by opening "http://localhost:4200/blog/test-post"
      when you serve your app with ng serve and then in the browsers console run:
      document.querySelector('scully-content')
      ----------------
      


----------------------------------
Using stored unhandled routes!.
   To discover new routes in the angular app use "npm run scully -- --scanRoutes"
----------------------------------

----------------------------------
Using stored unhandled routes!.
   To discover new routes in the angular app use "npm run scully -- --scanRoutes"
----------------------------------
Received Kill commandClosed servers

